L 05/22/2025 - 14:45:25: [CvarSettings] [c4m1_milltown_a] Could not find CVar specified (confogl_boss_unprohibit)
L 05/22/2025 - 14:45:25: [CvarSettings] [c4m1_milltown_a] Could not find CVar specified (sm_survivor_mvp_brevity)
L 05/22/2025 - 14:45:25: [CvarSettings] [c4m1_milltown_a] Could not find CVar specified (sm_survivor_mvp_brevity_latest)
L 05/22/2025 - 14:45:25: [CvarSettings] [c4m1_milltown_a] Could not find CVar specified (sm_stats_autoprint_vs_round)
L 05/22/2025 - 14:45:25: [CvarSettings] [c4m1_milltown_a] Could not find CVar specified (l4d2_heq_no_tank_horde)
L 05/22/2025 - 14:45:25: [CvarSettings] [c4m1_milltown_a] Could not find CVar specified (l4d2_heq_checkpoint_sound)
L 05/22/2025 - 14:45:25: [CvarSettings] [c4m1_milltown_a] Could not find CVar specified (l4d_tankdamage_enabled)
L 05/22/2025 - 15:23:25: [CvarSettings] [c2m1_highway] Could not find CVar specified (confogl_boss_unprohibit)
L 05/22/2025 - 15:23:25: [CvarSettings] [c2m1_highway] Could not find CVar specified (sm_survivor_mvp_brevity)
L 05/22/2025 - 15:23:25: [CvarSettings] [c2m1_highway] Could not find CVar specified (sm_survivor_mvp_brevity_latest)
L 05/22/2025 - 15:23:25: [CvarSettings] [c2m1_highway] Could not find CVar specified (sm_stats_autoprint_vs_round)
L 05/22/2025 - 15:23:25: [CvarSettings] [c2m1_highway] Could not find CVar specified (l4d_tankdamage_enabled)
L 05/22/2025 - 15:36:41: [CvarSettings] [c2m1_highway] Could not find CVar specified (confogl_boss_unprohibit)
L 05/22/2025 - 15:36:41: [CvarSettings] [c2m1_highway] Could not find CVar specified (sm_survivor_mvp_brevity)
L 05/22/2025 - 15:36:41: [CvarSettings] [c2m1_highway] Could not find CVar specified (sm_survivor_mvp_brevity_latest)
L 05/22/2025 - 15:36:41: [CvarSettings] [c2m1_highway] Could not find CVar specified (sm_stats_autoprint_vs_round)
L 05/22/2025 - 15:36:41: [CvarSettings] [c2m1_highway] Could not find CVar specified (l4d_tankdamage_enabled)
L 05/22/2025 - 15:42:09: [CvarSettings] [c2m1_highway] Could not find CVar specified (confogl_boss_unprohibit)
L 05/22/2025 - 15:44:42: [CvarSettings] [c2m1_highway] Could not find CVar specified (confogl_boss_unprohibit)
L 05/22/2025 - 15:47:20: [CvarSettings] [c2m1_highway] Could not find CVar specified (confogl_boss_unprohibit)
L 05/22/2025 - 16:02:50: [CvarSettings] [c2m1_highway] Could not find CVar specified (ai_charger_bhop)
L 05/22/2025 - 16:02:50: [CvarSettings] [c2m1_highway] Could not find CVar specified (ai_tank_bhop)
L 05/22/2025 - 16:02:50: [CvarSettings] [c2m1_highway] Could not find CVar specified (sm_allowed_lerp_changes)
L 05/22/2025 - 16:02:50: [CvarSettings] [c2m1_highway] Could not find CVar specified (sm_lerp_change_spec)
L 05/22/2025 - 16:02:50: [CvarSettings] [c2m1_highway] Could not find CVar specified (sm_readyup_lerp_changes)
L 05/22/2025 - 16:02:50: [CvarSettings] [c2m1_highway] Could not find CVar specified (sm_min_lerp)
L 05/22/2025 - 16:02:50: [CvarSettings] [c2m1_highway] Could not find CVar specified (sm_max_lerp)
L 05/22/2025 - 16:02:50: [CvarSettings] [c2m1_highway] Could not find CVar specified (l4d_witch_damage_damage)
L 05/22/2025 - 16:02:50: [CvarSettings] [c2m1_highway] Could not find CVar specified (l4d_witch_damage_incapped)
L 05/22/2025 - 16:03:42: [CvarSettings] [c2m1_highway] Could not find CVar specified (confogl_boss_unprohibit)
L 05/22/2025 - 16:03:42: [CvarSettings] [c2m1_highway] Could not find CVar specified (sm_survivor_mvp_brevity)
L 05/22/2025 - 16:03:42: [CvarSettings] [c2m1_highway] Could not find CVar specified (sm_survivor_mvp_brevity_latest)
L 05/22/2025 - 16:03:42: [CvarSettings] [c2m1_highway] Could not find CVar specified (sm_stats_autoprint_vs_round)
L 05/22/2025 - 16:03:42: [CvarSettings] [c2m1_highway] Could not find CVar specified (l4d_tankdamage_enabled)
L 05/22/2025 - 16:07:28: [CvarSettings] [c2m1_highway] Could not find CVar specified (sm_allowed_lerp_changes)
L 05/22/2025 - 16:07:28: [CvarSettings] [c2m1_highway] Could not find CVar specified (sm_lerp_change_spec)
L 05/22/2025 - 16:07:28: [CvarSettings] [c2m1_highway] Could not find CVar specified (sm_readyup_lerp_changes)
L 05/22/2025 - 16:07:28: [CvarSettings] [c2m1_highway] Could not find CVar specified (sm_min_lerp)
L 05/22/2025 - 16:07:28: [CvarSettings] [c2m1_highway] Could not find CVar specified (sm_max_lerp)
L 05/22/2025 - 16:07:28: [CvarSettings] [c2m1_highway] Could not find CVar specified (l4d_witch_damage_damage)
L 05/22/2025 - 16:07:28: [CvarSettings] [c2m1_highway] Could not find CVar specified (l4d_witch_damage_incapped)
L 05/22/2025 - 16:08:38: [CvarSettings] [c2m1_highway] Could not find CVar specified (confogl_boss_unprohibit)
L 05/22/2025 - 16:08:38: [CvarSettings] [c2m1_highway] Could not find CVar specified (sm_survivor_mvp_brevity)
L 05/22/2025 - 16:08:38: [CvarSettings] [c2m1_highway] Could not find CVar specified (sm_survivor_mvp_brevity_latest)
L 05/22/2025 - 16:08:38: [CvarSettings] [c2m1_highway] Could not find CVar specified (sm_stats_autoprint_vs_round)
L 05/22/2025 - 16:08:38: [CvarSettings] [c2m1_highway] Could not find CVar specified (l4d_tankdamage_enabled)
L 05/22/2025 - 16:10:58: [CvarSettings] [c2m1_highway] Could not find CVar specified (sm_allowed_lerp_changes)
L 05/22/2025 - 16:10:58: [CvarSettings] [c2m1_highway] Could not find CVar specified (sm_lerp_change_spec)
L 05/22/2025 - 16:10:58: [CvarSettings] [c2m1_highway] Could not find CVar specified (sm_readyup_lerp_changes)
L 05/22/2025 - 16:10:58: [CvarSettings] [c2m1_highway] Could not find CVar specified (sm_min_lerp)
L 05/22/2025 - 16:10:58: [CvarSettings] [c2m1_highway] Could not find CVar specified (sm_max_lerp)
L 05/22/2025 - 16:10:58: [CvarSettings] [c2m1_highway] Could not find CVar specified (l4d_witch_damage_damage)
L 05/22/2025 - 16:10:58: [CvarSettings] [c2m1_highway] Could not find CVar specified (l4d_witch_damage_incapped)
L 05/22/2025 - 16:11:40: [CvarSettings] [c2m1_highway] Could not find CVar specified (confogl_boss_unprohibit)
L 05/22/2025 - 16:11:40: [CvarSettings] [c2m1_highway] Could not find CVar specified (sm_survivor_mvp_brevity)
L 05/22/2025 - 16:11:40: [CvarSettings] [c2m1_highway] Could not find CVar specified (sm_survivor_mvp_brevity_latest)
L 05/22/2025 - 16:11:40: [CvarSettings] [c2m1_highway] Could not find CVar specified (sm_stats_autoprint_vs_round)
L 05/22/2025 - 16:11:40: [CvarSettings] [c2m1_highway] Could not find CVar specified (l4d_tankdamage_enabled)
L 05/22/2025 - 16:14:57: [CvarSettings] [c2m1_highway] Could not find CVar specified (sm_allowed_lerp_changes)
L 05/22/2025 - 16:14:57: [CvarSettings] [c2m1_highway] Could not find CVar specified (sm_lerp_change_spec)
L 05/22/2025 - 16:14:57: [CvarSettings] [c2m1_highway] Could not find CVar specified (sm_readyup_lerp_changes)
L 05/22/2025 - 16:14:57: [CvarSettings] [c2m1_highway] Could not find CVar specified (sm_min_lerp)
L 05/22/2025 - 16:14:57: [CvarSettings] [c2m1_highway] Could not find CVar specified (sm_max_lerp)
L 05/22/2025 - 16:14:57: [CvarSettings] [c2m1_highway] Could not find CVar specified (l4d_witch_damage_damage)
L 05/22/2025 - 16:14:57: [CvarSettings] [c2m1_highway] Could not find CVar specified (l4d_witch_damage_incapped)
L 05/22/2025 - 16:16:06: [CvarSettings] [c2m1_highway] Could not find CVar specified (confogl_boss_unprohibit)
L 05/22/2025 - 16:16:06: [CvarSettings] [c2m1_highway] Could not find CVar specified (sm_survivor_mvp_brevity)
L 05/22/2025 - 16:16:06: [CvarSettings] [c2m1_highway] Could not find CVar specified (sm_survivor_mvp_brevity_latest)
L 05/22/2025 - 16:16:06: [CvarSettings] [c2m1_highway] Could not find CVar specified (sm_stats_autoprint_vs_round)
L 05/22/2025 - 16:16:06: [CvarSettings] [c2m1_highway] Could not find CVar specified (l4d_tankdamage_enabled)
L 05/22/2025 - 16:19:50: [CvarSettings] [c2m1_highway] Could not find CVar specified (sm_allowed_lerp_changes)
L 05/22/2025 - 16:19:50: [CvarSettings] [c2m1_highway] Could not find CVar specified (sm_lerp_change_spec)
L 05/22/2025 - 16:19:50: [CvarSettings] [c2m1_highway] Could not find CVar specified (sm_readyup_lerp_changes)
L 05/22/2025 - 16:19:50: [CvarSettings] [c2m1_highway] Could not find CVar specified (sm_min_lerp)
L 05/22/2025 - 16:19:50: [CvarSettings] [c2m1_highway] Could not find CVar specified (sm_max_lerp)
L 05/22/2025 - 16:19:50: [CvarSettings] [c2m1_highway] Could not find CVar specified (l4d_witch_damage_damage)
L 05/22/2025 - 16:19:50: [CvarSettings] [c2m1_highway] Could not find CVar specified (l4d_witch_damage_incapped)
L 05/22/2025 - 16:20:36: [CvarSettings] [c2m1_highway] Could not find CVar specified (confogl_boss_unprohibit)
L 05/22/2025 - 16:20:36: [CvarSettings] [c2m1_highway] Could not find CVar specified (sm_survivor_mvp_brevity)
L 05/22/2025 - 16:20:36: [CvarSettings] [c2m1_highway] Could not find CVar specified (sm_survivor_mvp_brevity_latest)
L 05/22/2025 - 16:20:36: [CvarSettings] [c2m1_highway] Could not find CVar specified (sm_stats_autoprint_vs_round)
L 05/22/2025 - 16:20:36: [CvarSettings] [c2m1_highway] Could not find CVar specified (l4d_tankdamage_enabled)
L 05/22/2025 - 16:22:32: [CvarSettings] [c2m1_highway] Could not find CVar specified (sm_allowed_lerp_changes)
L 05/22/2025 - 16:22:32: [CvarSettings] [c2m1_highway] Could not find CVar specified (sm_lerp_change_spec)
L 05/22/2025 - 16:22:32: [CvarSettings] [c2m1_highway] Could not find CVar specified (sm_readyup_lerp_changes)
L 05/22/2025 - 16:22:32: [CvarSettings] [c2m1_highway] Could not find CVar specified (sm_min_lerp)
L 05/22/2025 - 16:22:32: [CvarSettings] [c2m1_highway] Could not find CVar specified (sm_max_lerp)
L 05/22/2025 - 16:22:32: [CvarSettings] [c2m1_highway] Could not find CVar specified (l4d_witch_damage_damage)
L 05/22/2025 - 16:22:32: [CvarSettings] [c2m1_highway] Could not find CVar specified (l4d_witch_damage_incapped)
L 05/22/2025 - 16:23:11: [CvarSettings] [c2m1_highway] Could not find CVar specified (confogl_boss_unprohibit)
L 05/22/2025 - 16:23:11: [CvarSettings] [c2m1_highway] Could not find CVar specified (sm_survivor_mvp_brevity)
L 05/22/2025 - 16:23:11: [CvarSettings] [c2m1_highway] Could not find CVar specified (sm_survivor_mvp_brevity_latest)
L 05/22/2025 - 16:23:11: [CvarSettings] [c2m1_highway] Could not find CVar specified (sm_stats_autoprint_vs_round)
L 05/22/2025 - 16:23:11: [CvarSettings] [c2m1_highway] Could not find CVar specified (l4d_tankdamage_enabled)
L 05/22/2025 - 16:25:03: [CvarSettings] [c2m1_highway] Could not find CVar specified (sm_allowed_lerp_changes)
L 05/22/2025 - 16:25:03: [CvarSettings] [c2m1_highway] Could not find CVar specified (sm_lerp_change_spec)
L 05/22/2025 - 16:25:03: [CvarSettings] [c2m1_highway] Could not find CVar specified (sm_readyup_lerp_changes)
L 05/22/2025 - 16:25:03: [CvarSettings] [c2m1_highway] Could not find CVar specified (sm_min_lerp)
L 05/22/2025 - 16:25:03: [CvarSettings] [c2m1_highway] Could not find CVar specified (sm_max_lerp)
L 05/22/2025 - 16:25:03: [CvarSettings] [c2m1_highway] Could not find CVar specified (l4d_witch_damage_damage)
L 05/22/2025 - 16:25:03: [CvarSettings] [c2m1_highway] Could not find CVar specified (l4d_witch_damage_incapped)
L 05/22/2025 - 16:25:36: [CvarSettings] [c2m1_highway] Could not find CVar specified (confogl_boss_unprohibit)
L 05/22/2025 - 16:25:36: [CvarSettings] [c2m1_highway] Could not find CVar specified (sm_survivor_mvp_brevity)
L 05/22/2025 - 16:25:36: [CvarSettings] [c2m1_highway] Could not find CVar specified (sm_survivor_mvp_brevity_latest)
L 05/22/2025 - 16:25:36: [CvarSettings] [c2m1_highway] Could not find CVar specified (sm_stats_autoprint_vs_round)
L 05/22/2025 - 16:25:36: [CvarSettings] [c2m1_highway] Could not find CVar specified (l4d_tankdamage_enabled)
L 05/22/2025 - 16:29:48: [CvarSettings] [c2m1_highway] Could not find CVar specified (confogl_boss_unprohibit)
L 05/22/2025 - 16:29:48: [CvarSettings] [c2m1_highway] Could not find CVar specified (sm_survivor_mvp_brevity)
L 05/22/2025 - 16:29:48: [CvarSettings] [c2m1_highway] Could not find CVar specified (sm_survivor_mvp_brevity_latest)
L 05/22/2025 - 16:29:48: [CvarSettings] [c2m1_highway] Could not find CVar specified (sm_stats_autoprint_vs_round)
L 05/22/2025 - 16:29:48: [CvarSettings] [c2m1_highway] Could not find CVar specified (l4d_tankdamage_enabled)
L 05/22/2025 - 16:35:31: [CvarSettings] [c2m1_highway] Could not find CVar specified (confogl_boss_unprohibit)
L 05/22/2025 - 16:35:31: [CvarSettings] [c2m1_highway] Could not find CVar specified (sm_survivor_mvp_brevity)
L 05/22/2025 - 16:35:31: [CvarSettings] [c2m1_highway] Could not find CVar specified (sm_survivor_mvp_brevity_latest)
L 05/22/2025 - 16:35:31: [CvarSettings] [c2m1_highway] Could not find CVar specified (sm_stats_autoprint_vs_round)
L 05/22/2025 - 16:35:31: [CvarSettings] [c2m1_highway] Could not find CVar specified (l4d_tankdamage_enabled)
L 05/22/2025 - 16:49:47: [CvarSettings] [c2m1_highway] Could not find CVar specified (confogl_boss_unprohibit)
L 05/22/2025 - 16:49:47: [CvarSettings] [c2m1_highway] Could not find CVar specified (sm_survivor_mvp_brevity)
L 05/22/2025 - 16:49:47: [CvarSettings] [c2m1_highway] Could not find CVar specified (sm_survivor_mvp_brevity_latest)
L 05/22/2025 - 16:49:47: [CvarSettings] [c2m1_highway] Could not find CVar specified (sm_stats_autoprint_vs_round)
L 05/22/2025 - 16:49:47: [CvarSettings] [c2m1_highway] Could not find CVar specified (l4d_tankdamage_enabled)
L 05/22/2025 - 17:16:59: [CvarSettings] [c2m1_highway] Could not find CVar specified (confogl_boss_unprohibit)
L 05/22/2025 - 17:16:59: [CvarSettings] [c2m1_highway] Could not find CVar specified (sm_survivor_mvp_brevity)
L 05/22/2025 - 17:16:59: [CvarSettings] [c2m1_highway] Could not find CVar specified (sm_survivor_mvp_brevity_latest)
L 05/22/2025 - 17:16:59: [CvarSettings] [c2m1_highway] Could not find CVar specified (sm_stats_autoprint_vs_round)
L 05/22/2025 - 17:16:59: [CvarSettings] [c2m1_highway] Could not find CVar specified (l4d_tankdamage_enabled)
L 05/22/2025 - 17:47:42: [CvarSettings] [c2m1_highway] Could not find CVar specified (confogl_boss_unprohibit)
L 05/22/2025 - 17:47:42: [CvarSettings] [c2m1_highway] Could not find CVar specified (sm_survivor_mvp_brevity)
L 05/22/2025 - 17:47:42: [CvarSettings] [c2m1_highway] Could not find CVar specified (sm_survivor_mvp_brevity_latest)
L 05/22/2025 - 17:47:42: [CvarSettings] [c2m1_highway] Could not find CVar specified (sm_stats_autoprint_vs_round)
L 05/22/2025 - 17:47:42: [CvarSettings] [c2m1_highway] Could not find CVar specified (l4d_tankdamage_enabled)
L 05/22/2025 - 17:49:56: [CvarSettings] [c2m2_fairgrounds] Could not find CVar specified (confogl_boss_unprohibit)
L 05/22/2025 - 23:20:14: [CvarSettings] [c1m3_mall] Could not find CVar specified (confogl_boss_unprohibit)
L 05/22/2025 - 23:20:14: [CvarSettings] [c1m3_mall] Could not find CVar specified (sm_survivor_mvp_brevity)
L 05/22/2025 - 23:20:14: [CvarSettings] [c1m3_mall] Could not find CVar specified (sm_survivor_mvp_brevity_latest)
L 05/22/2025 - 23:20:14: [CvarSettings] [c1m3_mall] Could not find CVar specified (sm_stats_autoprint_vs_round)
L 05/22/2025 - 23:20:14: [CvarSettings] [c1m3_mall] Could not find CVar specified (l4d_tankdamage_enabled)
