L 05/18/2025 - 11:17:16: [CvarSettings] [c2m1_highway] Could not find CVar specified (confogl_boss_unprohibit)
L 05/18/2025 - 11:17:16: [CvarSettings] [c2m1_highway] Could not find CVar specified (confogl_ghost_warp)
L 05/18/2025 - 11:17:16: [CvarSettings] [c2m1_highway] Could not find CVar specified (confogl_limit_sniper)
L 05/18/2025 - 11:17:16: [CvarSettings] [c2m1_highway] Could not find CVar specified (remove_sugarmill_clip)
L 05/18/2025 - 11:17:16: [CvarSettings] [c2m1_highway] Could not find CVar specified (wdp_minimum_damage)
L 05/18/2025 - 11:17:16: [CvarSettings] [c2m1_highway] Could not find CVar specified (sm_skill_report_flags)
L 05/18/2025 - 11:17:16: [CvarSettings] [c2m1_highway] Could not find CVar specified (sm_survivor_mvp_brevity)
L 05/18/2025 - 11:17:16: [CvarSettings] [c2m1_highway] Could not find CVar specified (sm_stats_writestats)
L 05/18/2025 - 11:17:16: [CvarSettings] [c2m1_highway] Could not find CVar specified (sm_stats_resetnextmap)
L 05/18/2025 - 11:17:16: [CvarSettings] [c2m1_highway] Could not find CVar specified (sm_stats_percentdecimal)
L 05/18/2025 - 11:17:16: [CvarSettings] [c2m1_highway] Could not find CVar specified (sm_stats_autoprint_vs_round)
L 05/18/2025 - 11:17:16: [CvarSettings] [c2m1_highway] Attempt to track ConVar versus_marker_num, which is already being tracked.
L 05/18/2025 - 11:17:16: [CvarSettings] [c2m1_highway] Could not find CVar specified (l4d2_deadstop_penalty)
L 05/18/2025 - 11:17:16: [CvarSettings] [c2m1_highway] Could not find CVar specified (l4d_si_slowdown)
L 05/18/2025 - 11:17:16: [CvarSettings] [c2m1_highway] Could not find CVar specified (l4d_si_slowdown_tank)
L 05/18/2025 - 11:17:16: [CvarSettings] [c2m1_highway] Could not find CVar specified (l4d_equalise_alarm_cars)
L 05/18/2025 - 11:17:16: [CvarSettings] [c2m1_highway] Could not find CVar specified (hc_bridge_car_damage)
L 05/18/2025 - 11:17:16: [CvarSettings] [c2m1_highway] Attempt to track ConVar sm_skill_report_enable, which is already being tracked.
L 05/18/2025 - 11:17:16: [CvarSettings] [c2m1_highway] Could not find CVar specified (sm_skill_report_flags)
L 05/18/2025 - 11:17:16: [CvarSettings] [c2m1_highway] Could not find CVar specified (sm_uncinfblock_types)
L 05/18/2025 - 11:17:16: [CvarSettings] [c2m1_highway] Attempt to track ConVar l4d_witch_damage_damage, which is already being tracked.
