L 05/17/2025 - 11:52:20: [CvarSettings] [c2m1_highway] Could not find CVar specified (confogl_boss_unprohibit)
L 05/17/2025 - 11:52:20: [CvarSettings] [c2m1_highway] Could not find CVar specified (sm_survivor_mvp_brevity_latest)
L 05/17/2025 - 11:52:20: [CvarSettings] [c2m1_highway] Could not find CVar specified (sm_stats_autoprint_vs_round)
L 05/17/2025 - 11:52:20: [CvarSettings] [c2m1_highway] Could not find CVar specified (l4d2_heq_no_tank_horde)
L 05/17/2025 - 11:52:20: [CvarSettings] [c2m1_highway] Could not find CVar specified (l4d2_heq_checkpoint_sound)
L 05/17/2025 - 12:03:32: [CvarSettings] [c2m1_highway] Could not find CVar specified (confogl_boss_unprohibit)
L 05/17/2025 - 12:03:32: [CvarSettings] [c2m1_highway] Could not find CVar specified (sm_survivor_mvp_brevity_latest)
L 05/17/2025 - 12:03:32: [CvarSettings] [c2m1_highway] Could not find CVar specified (sm_stats_autoprint_vs_round)
L 05/17/2025 - 12:03:32: [CvarSettings] [c2m1_highway] Could not find CVar specified (l4d2_heq_no_tank_horde)
L 05/17/2025 - 12:03:32: [CvarSettings] [c2m1_highway] Could not find CVar specified (l4d2_heq_checkpoint_sound)
L 05/17/2025 - 12:15:53: [CvarSettings] [c2m1_highway] Could not find CVar specified (confogl_boss_unprohibit)
L 05/17/2025 - 12:15:53: [CvarSettings] [c2m1_highway] Could not find CVar specified (sm_survivor_mvp_brevity_latest)
L 05/17/2025 - 12:15:53: [CvarSettings] [c2m1_highway] Could not find CVar specified (sm_stats_autoprint_vs_round)
L 05/17/2025 - 12:15:53: [CvarSettings] [c2m1_highway] Could not find CVar specified (l4d2_heq_no_tank_horde)
L 05/17/2025 - 12:15:53: [CvarSettings] [c2m1_highway] Could not find CVar specified (l4d2_heq_checkpoint_sound)
L 05/17/2025 - 12:15:53: [CvarSettings] [c2m1_highway] Could not find CVar specified (l4d_tankdamage_enabled)
L 05/17/2025 - 12:18:41: [CvarSettings] [c2m1_highway] Could not find CVar specified (confogl_boss_unprohibit)
L 05/17/2025 - 12:18:41: [CvarSettings] [c2m1_highway] Could not find CVar specified (l4d2_heq_no_tank_horde)
L 05/17/2025 - 12:18:41: [CvarSettings] [c2m1_highway] Could not find CVar specified (l4d2_heq_checkpoint_sound)
L 05/17/2025 - 12:18:41: [CvarSettings] [c2m1_highway] Could not find CVar specified (l4d_tankdamage_enabled)
L 05/17/2025 - 14:51:13: [CvarSettings] [c2m1_highway] Could not find CVar specified (confogl_boss_unprohibit)
L 05/17/2025 - 14:51:13: [CvarSettings] [c2m1_highway] Could not find CVar specified (sm_survivor_mvp_brevity_latest)
L 05/17/2025 - 14:51:13: [CvarSettings] [c2m1_highway] Could not find CVar specified (sm_stats_autoprint_vs_round)
L 05/17/2025 - 14:51:13: [CvarSettings] [c2m1_highway] Could not find CVar specified (l4d2_heq_no_tank_horde)
L 05/17/2025 - 14:51:13: [CvarSettings] [c2m1_highway] Could not find CVar specified (l4d2_heq_checkpoint_sound)
L 05/17/2025 - 14:51:13: [CvarSettings] [c2m1_highway] Could not find CVar specified (l4d_tankdamage_enabled)
