L 05/20/2025 - 12:34:00: SourceMod error session started
L 05/20/2025 - 12:34:00: Info (map "c2m1_highway") (file "/root/Steam/steamapps/common/l4d2/left4dead2/addons/sourcemod/logs/errors_20250520.log")
L 05/20/2025 - 12:34:00: [SM] Unable to load plugin "xr/l4d2_quick_leave_ban.smx": Could not find required plugin "readyup"
L 05/20/2025 - 12:34:00: [SM] Unable to load plugin "xr/l4d2_hybrid_scoremod_zone.smx": Could not find required plugin "l4d2lib"
L 05/20/2025 - 12:34:00: [SM] Unable to load plugin "xr/l4d2_scripted_hud.smx": Native "SMPlus_GetMedkitBonus" was not found
L 05/20/2025 - 12:34:08: Error log file session closed.
L 05/20/2025 - 17:26:07: SourceMod error session started
L 05/20/2025 - 17:26:07: Info (map "c2m1_highway") (file "/root/Steam/steamapps/common/l4d2/left4dead2/addons/sourcemod/logs/errors_20250520.log")
L 05/20/2025 - 17:26:07: [SM] Exception reported: Client index 5 is invalid
L 05/20/2025 - 17:26:07: [SM] Blaming: mt_experience.smx
L 05/20/2025 - 17:26:07: [SM] Call stack trace:
L 05/20/2025 - 17:26:07: [SM]   [0] SteamWorks_RequestStats
L 05/20/2025 - 17:26:07: [SM]   [1] Line 153, .\mt_experience.sp::OnClientAuthorized
L 05/20/2025 - 17:26:18: [SM] Exception reported: Client index 6 is invalid
L 05/20/2025 - 17:26:18: [SM] Blaming: mt_experience.smx
L 05/20/2025 - 17:26:18: [SM] Call stack trace:
L 05/20/2025 - 17:26:18: [SM]   [0] SteamWorks_RequestStats
L 05/20/2025 - 17:26:18: [SM]   [1] Line 153, .\mt_experience.sp::OnClientAuthorized
L 05/20/2025 - 17:27:19: [SM] Exception reported: Client index 6 is invalid
L 05/20/2025 - 17:27:19: [SM] Blaming: mt_experience.smx
L 05/20/2025 - 17:27:19: [SM] Call stack trace:
L 05/20/2025 - 17:27:19: [SM]   [0] SteamWorks_RequestStats
L 05/20/2025 - 17:27:19: [SM]   [1] Line 153, .\mt_experience.sp::OnClientAuthorized
L 05/20/2025 - 17:30:06: [SM] Exception reported: Client index 5 is invalid
L 05/20/2025 - 17:30:06: [SM] Blaming: mt_experience.smx
L 05/20/2025 - 17:30:06: [SM] Call stack trace:
L 05/20/2025 - 17:30:06: [SM]   [0] SteamWorks_RequestStats
L 05/20/2025 - 17:30:06: [SM]   [1] Line 153, .\mt_experience.sp::OnClientAuthorized
L 05/20/2025 - 17:34:10: Error log file session closed.
L 05/20/2025 - 17:34:12: SourceMod error session started
L 05/20/2025 - 17:34:12: Info (map "c1m1_hotel") (file "/root/Steam/steamapps/common/l4d2/left4dead2/addons/sourcemod/logs/errors_20250520.log")
L 05/20/2025 - 17:34:12: [SM] Exception reported: Client index 1 is invalid
L 05/20/2025 - 17:34:12: [SM] Blaming: mt_experience.smx
L 05/20/2025 - 17:34:12: [SM] Call stack trace:
L 05/20/2025 - 17:34:12: [SM]   [0] SteamWorks_RequestStats
L 05/20/2025 - 17:34:12: [SM]   [1] Line 153, .\mt_experience.sp::OnClientAuthorized
L 05/20/2025 - 17:35:01: [SM] Exception reported: Client index 5 is invalid
L 05/20/2025 - 17:35:01: [SM] Blaming: mt_experience.smx
L 05/20/2025 - 17:35:01: [SM] Call stack trace:
L 05/20/2025 - 17:35:01: [SM]   [0] SteamWorks_RequestStats
L 05/20/2025 - 17:35:01: [SM]   [1] Line 153, .\mt_experience.sp::OnClientAuthorized
L 05/20/2025 - 17:37:54: [SM] Exception reported: Client index 5 is invalid
L 05/20/2025 - 17:37:54: [SM] Blaming: mt_experience.smx
L 05/20/2025 - 17:37:54: [SM] Call stack trace:
L 05/20/2025 - 17:37:54: [SM]   [0] SteamWorks_RequestStats
L 05/20/2025 - 17:37:54: [SM]   [1] Line 153, .\mt_experience.sp::OnClientAuthorized
L 05/20/2025 - 17:39:05: [SM] Exception reported: Client index 5 is invalid
L 05/20/2025 - 17:39:05: [SM] Blaming: mt_experience.smx
L 05/20/2025 - 17:39:05: [SM] Call stack trace:
L 05/20/2025 - 17:39:05: [SM]   [0] SteamWorks_RequestStats
L 05/20/2025 - 17:39:05: [SM]   [1] Line 153, .\mt_experience.sp::OnClientAuthorized
L 05/20/2025 - 17:39:37: SourceMod error session started
L 05/20/2025 - 17:39:37: Info (map "c2m1_highway") (file "/root/Steam/steamapps/common/l4d2/left4dead2/addons/sourcemod/logs/errors_20250520.log")
L 05/20/2025 - 17:39:37: [SM] Unable to load plugin "xr/l4d2_quick_leave_ban.smx": Could not find required plugin "readyup"
L 05/20/2025 - 17:39:37: [SM] Unable to load plugin "xr/l4d2_hybrid_scoremod_zone.smx": Could not find required plugin "l4d2lib"
L 05/20/2025 - 17:39:37: [SM] Unable to load plugin "xr/l4d2_scripted_hud.smx": Native "SMPlus_GetMedkitBonus" was not found
L 05/20/2025 - 17:39:39: [UPDATER] --- BEGIN ERRORS FROM AUTOMATIC UPDATER ---
L 05/20/2025 - 17:39:39: [UPDATER] Could not download "http://update.sourcemod.net/update/"
L 05/20/2025 - 17:39:39: [UPDATER] Error: The requested URL returned error: 502
L 05/20/2025 - 17:39:39: [UPDATER] --- END ERRORS FROM AUTOMATIC UPDATER ---
L 05/20/2025 - 17:39:44: Error log file session closed.
L 05/20/2025 - 17:43:30: SourceMod error session started
L 05/20/2025 - 17:43:30: Info (map "c2m1_highway") (file "/root/Steam/steamapps/common/l4d2/left4dead2/addons/sourcemod/logs/errors_20250520.log")
L 05/20/2025 - 17:43:30: [SM] Exception reported: Client index 5 is invalid
L 05/20/2025 - 17:43:30: [SM] Blaming: mt_experience.smx
L 05/20/2025 - 17:43:30: [SM] Call stack trace:
L 05/20/2025 - 17:43:30: [SM]   [0] SteamWorks_RequestStats
L 05/20/2025 - 17:43:30: [SM]   [1] Line 153, .\mt_experience.sp::OnClientAuthorized
L 05/20/2025 - 17:43:34: [SM] Exception reported: Client index 6 is invalid
L 05/20/2025 - 17:43:34: [SM] Blaming: mt_experience.smx
L 05/20/2025 - 17:43:34: [SM] Call stack trace:
L 05/20/2025 - 17:43:34: [SM]   [0] SteamWorks_RequestStats
L 05/20/2025 - 17:43:34: [SM]   [1] Line 153, .\mt_experience.sp::OnClientAuthorized
L 05/20/2025 - 17:46:25: SourceMod error session started
L 05/20/2025 - 17:46:25: Info (map "c2m1_highway") (file "/root/Steam/steamapps/common/l4d2/left4dead2/addons/sourcemod/logs/errors_20250520.log")
L 05/20/2025 - 17:46:25: [SM] Unable to load plugin "xr/l4d2_quick_leave_ban.smx": Could not find required plugin "readyup"
L 05/20/2025 - 17:46:25: [SM] Unable to load plugin "xr/l4d2_hybrid_scoremod_zone.smx": Could not find required plugin "l4d2lib"
L 05/20/2025 - 17:46:25: [SM] Unable to load plugin "xr/l4d2_scripted_hud.smx": Native "SMPlus_GetMedkitBonus" was not found
L 05/20/2025 - 17:46:27: [UPDATER] --- BEGIN ERRORS FROM AUTOMATIC UPDATER ---
L 05/20/2025 - 17:46:27: [UPDATER] Could not download "http://update.sourcemod.net/update/"
L 05/20/2025 - 17:46:27: [UPDATER] Error: The requested URL returned error: 502
L 05/20/2025 - 17:46:27: [UPDATER] --- END ERRORS FROM AUTOMATIC UPDATER ---
L 05/20/2025 - 17:46:31: Error log file session closed.
L 05/20/2025 - 18:20:22: SourceMod error session started
L 05/20/2025 - 18:20:22: Info (map "c2m1_highway") (file "/root/Steam/steamapps/common/l4d2/left4dead2/addons/sourcemod/logs/errors_20250520.log")
L 05/20/2025 - 18:20:22: [SM] Unable to load plugin "xr/l4d2_quick_leave_ban.smx": Could not find required plugin "readyup"
L 05/20/2025 - 18:20:22: [SM] Unable to load plugin "xr/l4d2_hybrid_scoremod_zone.smx": Could not find required plugin "l4d2lib"
L 05/20/2025 - 18:20:22: [SM] Unable to load plugin "xr/l4d2_scripted_hud.smx": Native "SMPlus_GetMedkitBonus" was not found
L 05/20/2025 - 18:20:24: [UPDATER] --- BEGIN ERRORS FROM AUTOMATIC UPDATER ---
L 05/20/2025 - 18:20:24: [UPDATER] Could not download "http://update.sourcemod.net/update/"
L 05/20/2025 - 18:20:24: [UPDATER] Error: The requested URL returned error: 502
L 05/20/2025 - 18:20:24: [UPDATER] --- END ERRORS FROM AUTOMATIC UPDATER ---
L 05/20/2025 - 18:20:28: Error log file session closed.
L 05/20/2025 - 18:36:46: SourceMod error session started
L 05/20/2025 - 18:36:46: Info (map "c2m1_highway") (file "/root/Steam/steamapps/common/l4d2/left4dead2/addons/sourcemod/logs/errors_20250520.log")
L 05/20/2025 - 18:36:46: [SM] Unable to load plugin "xr/l4d2_quick_leave_ban.smx": Could not find required plugin "readyup"
L 05/20/2025 - 18:36:46: [SM] Unable to load plugin "xr/l4d2_hybrid_scoremod_zone.smx": Could not find required plugin "l4d2lib"
L 05/20/2025 - 18:36:46: [SM] Unable to load plugin "xr/l4d2_scripted_hud.smx": Native "SMPlus_GetMedkitBonus" was not found
L 05/20/2025 - 18:36:52: Error log file session closed.
L 05/20/2025 - 18:37:08: SourceMod error session started
L 05/20/2025 - 18:37:08: Info (map "c2m1_highway") (file "/root/Steam/steamapps/common/l4d2/left4dead2/addons/sourcemod/logs/errors_20250520.log")
L 05/20/2025 - 18:37:08: [UPDATER] --- BEGIN ERRORS FROM AUTOMATIC UPDATER ---
L 05/20/2025 - 18:37:08: [UPDATER] Could not download "http://update.sourcemod.net/update/"
L 05/20/2025 - 18:37:08: [UPDATER] Error: The requested URL returned error: 502
L 05/20/2025 - 18:37:08: [UPDATER] --- END ERRORS FROM AUTOMATIC UPDATER ---
L 05/20/2025 - 18:54:51: Error log file session closed.
L 05/20/2025 - 18:55:14: SourceMod error session started
L 05/20/2025 - 18:55:14: Info (map "c2m1_highway") (file "/root/Steam/steamapps/common/l4d2/left4dead2/addons/sourcemod/logs/errors_20250520.log")
L 05/20/2025 - 18:55:14: [SM] Exception reported: Client index 5 is invalid
L 05/20/2025 - 18:55:14: [SM] Blaming: mt_experience.smx
L 05/20/2025 - 18:55:14: [SM] Call stack trace:
L 05/20/2025 - 18:55:14: [SM]   [0] SteamWorks_RequestStats
L 05/20/2025 - 18:55:14: [SM]   [1] Line 153, .\mt_experience.sp::OnClientAuthorized
L 05/20/2025 - 18:55:39: [SM] Exception reported: Client index 6 is invalid
L 05/20/2025 - 18:55:39: [SM] Blaming: mt_experience.smx
L 05/20/2025 - 18:55:39: [SM] Call stack trace:
L 05/20/2025 - 18:55:39: [SM]   [0] SteamWorks_RequestStats
L 05/20/2025 - 18:55:39: [SM]   [1] Line 153, .\mt_experience.sp::OnClientAuthorized
L 05/20/2025 - 18:55:48: [SM] Exception reported: Client index 7 is invalid
L 05/20/2025 - 18:55:48: [SM] Blaming: mt_experience.smx
L 05/20/2025 - 18:55:48: [SM] Call stack trace:
L 05/20/2025 - 18:55:48: [SM]   [0] SteamWorks_RequestStats
L 05/20/2025 - 18:55:48: [SM]   [1] Line 153, .\mt_experience.sp::OnClientAuthorized
L 05/20/2025 - 18:58:19: [SM] Exception reported: Client index 5 is invalid
L 05/20/2025 - 18:58:19: [SM] Blaming: mt_experience.smx
L 05/20/2025 - 18:58:19: [SM] Call stack trace:
L 05/20/2025 - 18:58:19: [SM]   [0] SteamWorks_RequestStats
L 05/20/2025 - 18:58:19: [SM]   [1] Line 153, .\mt_experience.sp::OnClientAuthorized
L 05/20/2025 - 19:00:18: [SM] Exception reported: Client index 5 is invalid
L 05/20/2025 - 19:00:18: [SM] Blaming: mt_experience.smx
L 05/20/2025 - 19:00:18: [SM] Call stack trace:
L 05/20/2025 - 19:00:18: [SM]   [0] SteamWorks_RequestStats
L 05/20/2025 - 19:00:18: [SM]   [1] Line 153, .\mt_experience.sp::OnClientAuthorized
L 05/20/2025 - 19:00:19: [SM] Exception reported: Client index 6 is invalid
L 05/20/2025 - 19:00:19: [SM] Blaming: mt_experience.smx
L 05/20/2025 - 19:00:19: [SM] Call stack trace:
L 05/20/2025 - 19:00:19: [SM]   [0] SteamWorks_RequestStats
L 05/20/2025 - 19:00:19: [SM]   [1] Line 153, .\mt_experience.sp::OnClientAuthorized
L 05/20/2025 - 19:03:42: [SM] Exception reported: Client index 5 is invalid
L 05/20/2025 - 19:03:42: [SM] Blaming: mt_experience.smx
L 05/20/2025 - 19:03:42: [SM] Call stack trace:
L 05/20/2025 - 19:03:42: [SM]   [0] SteamWorks_RequestStats
L 05/20/2025 - 19:03:42: [SM]   [1] Line 153, .\mt_experience.sp::OnClientAuthorized
L 05/20/2025 - 19:06:02: [SM] Exception reported: Client 5 is not in game
L 05/20/2025 - 19:06:02: [SM] Blaming: optional/autopause.smx
L 05/20/2025 - 19:06:02: [SM] Call stack trace:
L 05/20/2025 - 19:06:02: [SM]   [0] GetClientTeam
L 05/20/2025 - 19:06:02: [SM]   [1] Line 258, C:\Users\Sir\Documents\GitHub\L4D2-Competitive-Rework\addons\sourcemod\scripting\autopause.sp::Event_PlayerDisconnect
L 05/20/2025 - 19:06:21: [SM] Exception reported: Client 5 is not in game
L 05/20/2025 - 19:06:21: [SM] Blaming: optional/autopause.smx
L 05/20/2025 - 19:06:21: [SM] Call stack trace:
L 05/20/2025 - 19:06:21: [SM]   [0] GetClientTeam
L 05/20/2025 - 19:06:21: [SM]   [1] Line 258, C:\Users\Sir\Documents\GitHub\L4D2-Competitive-Rework\addons\sourcemod\scripting\autopause.sp::Event_PlayerDisconnect
L 05/20/2025 - 19:07:18: SourceMod error session started
L 05/20/2025 - 19:07:18: Info (map "c2m1_highway") (file "/root/Steam/steamapps/common/l4d2/left4dead2/addons/sourcemod/logs/errors_20250520.log")
L 05/20/2025 - 19:07:18: [SM] Unable to load plugin "xr/l4d2_quick_leave_ban.smx": Could not find required plugin "readyup"
L 05/20/2025 - 19:07:18: [SM] Unable to load plugin "xr/l4d2_hybrid_scoremod_zone.smx": Could not find required plugin "l4d2lib"
L 05/20/2025 - 19:07:18: [SM] Unable to load plugin "xr/l4d2_scripted_hud.smx": Native "SMPlus_GetMedkitBonus" was not found
L 05/20/2025 - 19:07:20: [UPDATER] --- BEGIN ERRORS FROM AUTOMATIC UPDATER ---
L 05/20/2025 - 19:07:20: [UPDATER] Could not download "http://update.sourcemod.net/update/"
L 05/20/2025 - 19:07:20: [UPDATER] Error: The requested URL returned error: 502
L 05/20/2025 - 19:07:20: [UPDATER] --- END ERRORS FROM AUTOMATIC UPDATER ---
L 05/20/2025 - 19:07:24: Error log file session closed.
L 05/20/2025 - 19:08:00: SourceMod error session started
L 05/20/2025 - 19:08:00: Info (map "c2m1_highway") (file "/root/Steam/steamapps/common/l4d2/left4dead2/addons/sourcemod/logs/errors_20250520.log")
L 05/20/2025 - 19:08:00: [SM] Unable to load plugin "xr/l4d2_quick_leave_ban.smx": Could not find required plugin "readyup"
L 05/20/2025 - 19:08:00: [SM] Unable to load plugin "xr/l4d2_hybrid_scoremod_zone.smx": Could not find required plugin "l4d2lib"
L 05/20/2025 - 19:08:00: [SM] Unable to load plugin "xr/l4d2_scripted_hud.smx": Native "SMPlus_GetMedkitBonus" was not found
L 05/20/2025 - 19:08:02: [UPDATER] --- BEGIN ERRORS FROM AUTOMATIC UPDATER ---
L 05/20/2025 - 19:08:02: [UPDATER] Could not download "http://update.sourcemod.net/update/"
L 05/20/2025 - 19:08:02: [UPDATER] Error: The requested URL returned error: 502
L 05/20/2025 - 19:08:02: [UPDATER] --- END ERRORS FROM AUTOMATIC UPDATER ---
L 05/20/2025 - 19:08:06: Error log file session closed.
L 05/20/2025 - 19:10:31: SourceMod error session started
L 05/20/2025 - 19:10:31: Info (map "c2m1_highway") (file "/root/Steam/steamapps/common/l4d2/left4dead2/addons/sourcemod/logs/errors_20250520.log")
L 05/20/2025 - 19:10:31: [SM] Exception reported: Client index 6 is invalid
L 05/20/2025 - 19:10:31: [SM] Blaming: mt_experience.smx
L 05/20/2025 - 19:10:31: [SM] Call stack trace:
L 05/20/2025 - 19:10:31: [SM]   [0] SteamWorks_RequestStats
L 05/20/2025 - 19:10:31: [SM]   [1] Line 153, .\mt_experience.sp::OnClientAuthorized
L 05/20/2025 - 19:10:33: [SM] Exception reported: Client index 7 is invalid
L 05/20/2025 - 19:10:33: [SM] Blaming: mt_experience.smx
L 05/20/2025 - 19:10:33: [SM] Call stack trace:
L 05/20/2025 - 19:10:33: [SM]   [0] SteamWorks_RequestStats
L 05/20/2025 - 19:10:33: [SM]   [1] Line 153, .\mt_experience.sp::OnClientAuthorized
L 05/20/2025 - 19:11:04: [SM] Exception reported: Client index 3 is invalid
L 05/20/2025 - 19:11:04: [SM] Blaming: mt_experience.smx
L 05/20/2025 - 19:11:04: [SM] Call stack trace:
L 05/20/2025 - 19:11:04: [SM]   [0] SteamWorks_RequestStats
L 05/20/2025 - 19:11:04: [SM]   [1] Line 153, .\mt_experience.sp::OnClientAuthorized
L 05/20/2025 - 19:12:13: [SM] Exception reported: Client index 5 is invalid
L 05/20/2025 - 19:12:13: [SM] Blaming: mt_experience.smx
L 05/20/2025 - 19:12:13: [SM] Call stack trace:
L 05/20/2025 - 19:12:13: [SM]   [0] SteamWorks_RequestStats
L 05/20/2025 - 19:12:13: [SM]   [1] Line 153, .\mt_experience.sp::OnClientAuthorized
L 05/20/2025 - 19:14:25: Error log file session closed.
L 05/20/2025 - 19:14:27: SourceMod error session started
L 05/20/2025 - 19:14:27: Info (map "c1m1_hotel") (file "/root/Steam/steamapps/common/l4d2/left4dead2/addons/sourcemod/logs/errors_20250520.log")
L 05/20/2025 - 19:14:27: [SM] Exception reported: Client index 1 is invalid
L 05/20/2025 - 19:14:27: [SM] Blaming: mt_experience.smx
L 05/20/2025 - 19:14:27: [SM] Call stack trace:
L 05/20/2025 - 19:14:27: [SM]   [0] SteamWorks_RequestStats
L 05/20/2025 - 19:14:27: [SM]   [1] Line 153, .\mt_experience.sp::OnClientAuthorized
L 05/20/2025 - 19:14:28: [SM] Exception reported: Client index 3 is invalid
L 05/20/2025 - 19:14:28: [SM] Blaming: mt_experience.smx
L 05/20/2025 - 19:14:28: [SM] Call stack trace:
L 05/20/2025 - 19:14:28: [SM]   [0] SteamWorks_RequestStats
L 05/20/2025 - 19:14:28: [SM]   [1] Line 153, .\mt_experience.sp::OnClientAuthorized
L 05/20/2025 - 19:14:28: [SM] Exception reported: Client index 5 is invalid
L 05/20/2025 - 19:14:28: [SM] Blaming: mt_experience.smx
L 05/20/2025 - 19:14:28: [SM] Call stack trace:
L 05/20/2025 - 19:14:28: [SM]   [0] SteamWorks_RequestStats
L 05/20/2025 - 19:14:28: [SM]   [1] Line 153, .\mt_experience.sp::OnClientAuthorized
L 05/20/2025 - 19:16:08: Error log file session closed.
L 05/20/2025 - 19:16:10: SourceMod error session started
L 05/20/2025 - 19:16:10: Info (map "c1m1_hotel") (file "/root/Steam/steamapps/common/l4d2/left4dead2/addons/sourcemod/logs/errors_20250520.log")
L 05/20/2025 - 19:16:10: [SM] Exception reported: Client index 1 is invalid
L 05/20/2025 - 19:16:10: [SM] Blaming: mt_experience.smx
L 05/20/2025 - 19:16:10: [SM] Call stack trace:
L 05/20/2025 - 19:16:10: [SM]   [0] SteamWorks_RequestStats
L 05/20/2025 - 19:16:10: [SM]   [1] Line 153, .\mt_experience.sp::OnClientAuthorized
L 05/20/2025 - 19:16:10: [SM] Exception reported: Client index 5 is invalid
L 05/20/2025 - 19:16:10: [SM] Blaming: mt_experience.smx
L 05/20/2025 - 19:16:10: [SM] Call stack trace:
L 05/20/2025 - 19:16:10: [SM]   [0] SteamWorks_RequestStats
L 05/20/2025 - 19:16:10: [SM]   [1] Line 153, .\mt_experience.sp::OnClientAuthorized
L 05/20/2025 - 19:16:11: [SM] Exception reported: Client index 7 is invalid
L 05/20/2025 - 19:16:11: [SM] Blaming: mt_experience.smx
L 05/20/2025 - 19:16:11: [SM] Call stack trace:
L 05/20/2025 - 19:16:11: [SM]   [0] SteamWorks_RequestStats
L 05/20/2025 - 19:16:11: [SM]   [1] Line 153, .\mt_experience.sp::OnClientAuthorized
L 05/20/2025 - 19:16:56: [SM] Exception reported: Client index 6 is invalid
L 05/20/2025 - 19:16:56: [SM] Blaming: mt_experience.smx
L 05/20/2025 - 19:16:56: [SM] Call stack trace:
L 05/20/2025 - 19:16:56: [SM]   [0] SteamWorks_RequestStats
L 05/20/2025 - 19:16:56: [SM]   [1] Line 153, .\mt_experience.sp::OnClientAuthorized
L 05/20/2025 - 19:18:19: Error log file session closed.
L 05/20/2025 - 19:18:20: SourceMod error session started
L 05/20/2025 - 19:18:20: Info (map "c2m1_highway") (file "/root/Steam/steamapps/common/l4d2/left4dead2/addons/sourcemod/logs/errors_20250520.log")
L 05/20/2025 - 19:18:20: [SM] Exception reported: Client index 5 is invalid
L 05/20/2025 - 19:18:20: [SM] Blaming: mt_experience.smx
L 05/20/2025 - 19:18:20: [SM] Call stack trace:
L 05/20/2025 - 19:18:20: [SM]   [0] SteamWorks_RequestStats
L 05/20/2025 - 19:18:20: [SM]   [1] Line 153, .\mt_experience.sp::OnClientAuthorized
L 05/20/2025 - 19:18:21: [SM] Exception reported: Client index 1 is invalid
L 05/20/2025 - 19:18:21: [SM] Blaming: mt_experience.smx
L 05/20/2025 - 19:18:21: [SM] Call stack trace:
L 05/20/2025 - 19:18:21: [SM]   [0] SteamWorks_RequestStats
L 05/20/2025 - 19:18:21: [SM]   [1] Line 153, .\mt_experience.sp::OnClientAuthorized
L 05/20/2025 - 19:19:40: Error log file session closed.
L 05/20/2025 - 19:19:41: SourceMod error session started
L 05/20/2025 - 19:19:41: Info (map "c2m1_highway") (file "/root/Steam/steamapps/common/l4d2/left4dead2/addons/sourcemod/logs/errors_20250520.log")
L 05/20/2025 - 19:19:41: [SM] Exception reported: Client index 1 is invalid
L 05/20/2025 - 19:19:41: [SM] Blaming: mt_experience.smx
L 05/20/2025 - 19:19:41: [SM] Call stack trace:
L 05/20/2025 - 19:19:41: [SM]   [0] SteamWorks_RequestStats
L 05/20/2025 - 19:19:41: [SM]   [1] Line 153, .\mt_experience.sp::OnClientAuthorized
L 05/20/2025 - 19:19:42: [SM] Exception reported: Client index 5 is invalid
L 05/20/2025 - 19:19:42: [SM] Blaming: mt_experience.smx
L 05/20/2025 - 19:19:42: [SM] Call stack trace:
L 05/20/2025 - 19:19:42: [SM]   [0] SteamWorks_RequestStats
L 05/20/2025 - 19:19:42: [SM]   [1] Line 153, .\mt_experience.sp::OnClientAuthorized
L 05/20/2025 - 19:23:06: [SM] Exception reported: Client index 2 is invalid
L 05/20/2025 - 19:23:06: [SM] Blaming: mt_experience.smx
L 05/20/2025 - 19:23:06: [SM] Call stack trace:
L 05/20/2025 - 19:23:06: [SM]   [0] SteamWorks_RequestStats
L 05/20/2025 - 19:23:06: [SM]   [1] Line 153, .\mt_experience.sp::OnClientAuthorized
L 05/20/2025 - 19:23:10: [SM] Exception reported: Client index 3 is invalid
L 05/20/2025 - 19:23:10: [SM] Blaming: mt_experience.smx
L 05/20/2025 - 19:23:10: [SM] Call stack trace:
L 05/20/2025 - 19:23:10: [SM]   [0] SteamWorks_RequestStats
L 05/20/2025 - 19:23:10: [SM]   [1] Line 153, .\mt_experience.sp::OnClientAuthorized
L 05/20/2025 - 19:23:52: [SM] Exception reported: Client index 2 is invalid
L 05/20/2025 - 19:23:52: [SM] Blaming: mt_experience.smx
L 05/20/2025 - 19:23:52: [SM] Call stack trace:
L 05/20/2025 - 19:23:52: [SM]   [0] SteamWorks_RequestStats
L 05/20/2025 - 19:23:52: [SM]   [1] Line 153, .\mt_experience.sp::OnClientAuthorized
L 05/20/2025 - 19:24:06: [SM] Exception reported: Client index 4 is invalid
L 05/20/2025 - 19:24:06: [SM] Blaming: mt_experience.smx
L 05/20/2025 - 19:24:06: [SM] Call stack trace:
L 05/20/2025 - 19:24:06: [SM]   [0] SteamWorks_RequestStats
L 05/20/2025 - 19:24:06: [SM]   [1] Line 153, .\mt_experience.sp::OnClientAuthorized
L 05/20/2025 - 19:24:21: [SM] Exception reported: Client index 6 is invalid
L 05/20/2025 - 19:24:21: [SM] Blaming: mt_experience.smx
L 05/20/2025 - 19:24:21: [SM] Call stack trace:
L 05/20/2025 - 19:24:21: [SM]   [0] SteamWorks_RequestStats
L 05/20/2025 - 19:24:21: [SM]   [1] Line 153, .\mt_experience.sp::OnClientAuthorized
L 05/20/2025 - 19:26:48: [SM] Exception reported: Client index 4 is invalid
L 05/20/2025 - 19:26:48: [SM] Blaming: mt_experience.smx
L 05/20/2025 - 19:26:48: [SM] Call stack trace:
L 05/20/2025 - 19:26:48: [SM]   [0] SteamWorks_RequestStats
L 05/20/2025 - 19:26:48: [SM]   [1] Line 153, .\mt_experience.sp::OnClientAuthorized
L 05/20/2025 - 19:27:09: [SM] Exception reported: Client index 7 is invalid
L 05/20/2025 - 19:27:09: [SM] Blaming: mt_experience.smx
L 05/20/2025 - 19:27:09: [SM] Call stack trace:
L 05/20/2025 - 19:27:09: [SM]   [0] SteamWorks_RequestStats
L 05/20/2025 - 19:27:09: [SM]   [1] Line 153, .\mt_experience.sp::OnClientAuthorized
L 05/20/2025 - 19:27:15: [SM] Exception reported: Client index 4 is invalid
L 05/20/2025 - 19:27:15: [SM] Blaming: mt_experience.smx
L 05/20/2025 - 19:27:15: [SM] Call stack trace:
L 05/20/2025 - 19:27:15: [SM]   [0] SteamWorks_RequestStats
L 05/20/2025 - 19:27:15: [SM]   [1] Line 153, .\mt_experience.sp::OnClientAuthorized
L 05/20/2025 - 19:27:56: [SM] Exception reported: Client index 2 is invalid
L 05/20/2025 - 19:27:56: [SM] Blaming: mt_experience.smx
L 05/20/2025 - 19:27:56: [SM] Call stack trace:
L 05/20/2025 - 19:27:56: [SM]   [0] SteamWorks_RequestStats
L 05/20/2025 - 19:27:56: [SM]   [1] Line 153, .\mt_experience.sp::OnClientAuthorized
L 05/20/2025 - 19:28:46: Error log file session closed.
L 05/20/2025 - 19:28:48: SourceMod error session started
L 05/20/2025 - 19:28:48: Info (map "c2m1_highway") (file "/root/Steam/steamapps/common/l4d2/left4dead2/addons/sourcemod/logs/errors_20250520.log")
L 05/20/2025 - 19:28:48: [SM] Exception reported: Client index 3 is invalid
L 05/20/2025 - 19:28:48: [SM] Blaming: mt_experience.smx
L 05/20/2025 - 19:28:48: [SM] Call stack trace:
L 05/20/2025 - 19:28:48: [SM]   [0] SteamWorks_RequestStats
L 05/20/2025 - 19:28:48: [SM]   [1] Line 153, .\mt_experience.sp::OnClientAuthorized
L 05/20/2025 - 19:28:48: [SM] Exception reported: Client index 1 is invalid
L 05/20/2025 - 19:28:48: [SM] Blaming: mt_experience.smx
L 05/20/2025 - 19:28:48: [SM] Call stack trace:
L 05/20/2025 - 19:28:48: [SM]   [0] SteamWorks_RequestStats
L 05/20/2025 - 19:28:48: [SM]   [1] Line 153, .\mt_experience.sp::OnClientAuthorized
L 05/20/2025 - 19:28:48: [SM] Exception reported: Client index 2 is invalid
L 05/20/2025 - 19:28:48: [SM] Blaming: mt_experience.smx
L 05/20/2025 - 19:28:48: [SM] Call stack trace:
L 05/20/2025 - 19:28:48: [SM]   [0] SteamWorks_RequestStats
L 05/20/2025 - 19:28:48: [SM]   [1] Line 153, .\mt_experience.sp::OnClientAuthorized
L 05/20/2025 - 19:28:48: [SM] Exception reported: Client index 5 is invalid
L 05/20/2025 - 19:28:48: [SM] Blaming: mt_experience.smx
L 05/20/2025 - 19:28:48: [SM] Call stack trace:
L 05/20/2025 - 19:28:48: [SM]   [0] SteamWorks_RequestStats
L 05/20/2025 - 19:28:48: [SM]   [1] Line 153, .\mt_experience.sp::OnClientAuthorized
L 05/20/2025 - 19:29:14: [SM] Exception reported: Client index 4 is invalid
L 05/20/2025 - 19:29:14: [SM] Blaming: mt_experience.smx
L 05/20/2025 - 19:29:14: [SM] Call stack trace:
L 05/20/2025 - 19:29:14: [SM]   [0] SteamWorks_RequestStats
L 05/20/2025 - 19:29:14: [SM]   [1] Line 153, .\mt_experience.sp::OnClientAuthorized
L 05/20/2025 - 19:30:17: [SM] Exception reported: Client index 2 is invalid
L 05/20/2025 - 19:30:17: [SM] Blaming: mt_experience.smx
L 05/20/2025 - 19:30:17: [SM] Call stack trace:
L 05/20/2025 - 19:30:17: [SM]   [0] SteamWorks_RequestStats
L 05/20/2025 - 19:30:17: [SM]   [1] Line 153, .\mt_experience.sp::OnClientAuthorized
L 05/20/2025 - 19:30:33: [SM] Exception reported: Client index 4 is invalid
L 05/20/2025 - 19:30:33: [SM] Blaming: mt_experience.smx
L 05/20/2025 - 19:30:33: [SM] Call stack trace:
L 05/20/2025 - 19:30:33: [SM]   [0] SteamWorks_RequestStats
L 05/20/2025 - 19:30:33: [SM]   [1] Line 153, .\mt_experience.sp::OnClientAuthorized
L 05/20/2025 - 19:33:30: Error log file session closed.
L 05/20/2025 - 19:33:32: SourceMod error session started
L 05/20/2025 - 19:33:32: Info (map "c2m2_fairgrounds") (file "/root/Steam/steamapps/common/l4d2/left4dead2/addons/sourcemod/logs/errors_20250520.log")
L 05/20/2025 - 19:33:32: [SM] Exception reported: Client index 5 is invalid
L 05/20/2025 - 19:33:32: [SM] Blaming: mt_experience.smx
L 05/20/2025 - 19:33:32: [SM] Call stack trace:
L 05/20/2025 - 19:33:32: [SM]   [0] SteamWorks_RequestStats
L 05/20/2025 - 19:33:32: [SM]   [1] Line 153, .\mt_experience.sp::OnClientAuthorized
L 05/20/2025 - 19:33:32: [SM] Exception reported: Client index 3 is invalid
L 05/20/2025 - 19:33:32: [SM] Blaming: mt_experience.smx
L 05/20/2025 - 19:33:32: [SM] Call stack trace:
L 05/20/2025 - 19:33:32: [SM]   [0] SteamWorks_RequestStats
L 05/20/2025 - 19:33:32: [SM]   [1] Line 153, .\mt_experience.sp::OnClientAuthorized
L 05/20/2025 - 19:33:32: [SM] Exception reported: Client index 1 is invalid
L 05/20/2025 - 19:33:32: [SM] Blaming: mt_experience.smx
L 05/20/2025 - 19:33:32: [SM] Call stack trace:
L 05/20/2025 - 19:33:32: [SM]   [0] SteamWorks_RequestStats
L 05/20/2025 - 19:33:32: [SM]   [1] Line 153, .\mt_experience.sp::OnClientAuthorized
L 05/20/2025 - 19:34:39: [SM] Exception reported: Client index 2 is invalid
L 05/20/2025 - 19:34:39: [SM] Blaming: mt_experience.smx
L 05/20/2025 - 19:34:39: [SM] Call stack trace:
L 05/20/2025 - 19:34:39: [SM]   [0] SteamWorks_RequestStats
L 05/20/2025 - 19:34:39: [SM]   [1] Line 153, .\mt_experience.sp::OnClientAuthorized
L 05/20/2025 - 19:38:38: [SM] Exception reported: Client index 2 is invalid
L 05/20/2025 - 19:38:38: [SM] Blaming: mt_experience.smx
L 05/20/2025 - 19:38:38: [SM] Call stack trace:
L 05/20/2025 - 19:38:38: [SM]   [0] SteamWorks_RequestStats
L 05/20/2025 - 19:38:38: [SM]   [1] Line 153, .\mt_experience.sp::OnClientAuthorized
L 05/20/2025 - 19:39:05: [SM] Exception reported: Client index 3 is invalid
L 05/20/2025 - 19:39:05: [SM] Blaming: mt_experience.smx
L 05/20/2025 - 19:39:05: [SM] Call stack trace:
L 05/20/2025 - 19:39:05: [SM]   [0] SteamWorks_RequestStats
L 05/20/2025 - 19:39:05: [SM]   [1] Line 153, .\mt_experience.sp::OnClientAuthorized
L 05/20/2025 - 19:40:04: Error log file session closed.
L 05/20/2025 - 19:40:05: SourceMod error session started
L 05/20/2025 - 19:40:05: Info (map "c2m1_highway") (file "/root/Steam/steamapps/common/l4d2/left4dead2/addons/sourcemod/logs/errors_20250520.log")
L 05/20/2025 - 19:40:05: [SM] Exception reported: Client index 1 is invalid
L 05/20/2025 - 19:40:05: [SM] Blaming: mt_experience.smx
L 05/20/2025 - 19:40:05: [SM] Call stack trace:
L 05/20/2025 - 19:40:05: [SM]   [0] SteamWorks_RequestStats
L 05/20/2025 - 19:40:05: [SM]   [1] Line 153, .\mt_experience.sp::OnClientAuthorized
L 05/20/2025 - 19:40:06: [SM] Exception reported: Client index 5 is invalid
L 05/20/2025 - 19:40:06: [SM] Blaming: mt_experience.smx
L 05/20/2025 - 19:40:06: [SM] Call stack trace:
L 05/20/2025 - 19:40:06: [SM]   [0] SteamWorks_RequestStats
L 05/20/2025 - 19:40:06: [SM]   [1] Line 153, .\mt_experience.sp::OnClientAuthorized
L 05/20/2025 - 19:40:41: Error log file session closed.
L 05/20/2025 - 19:40:43: SourceMod error session started
L 05/20/2025 - 19:40:43: Info (map "c2m1_highway") (file "/root/Steam/steamapps/common/l4d2/left4dead2/addons/sourcemod/logs/errors_20250520.log")
L 05/20/2025 - 19:40:43: [SM] Exception reported: Client index 1 is invalid
L 05/20/2025 - 19:40:43: [SM] Blaming: mt_experience.smx
L 05/20/2025 - 19:40:43: [SM] Call stack trace:
L 05/20/2025 - 19:40:43: [SM]   [0] SteamWorks_RequestStats
L 05/20/2025 - 19:40:43: [SM]   [1] Line 153, .\mt_experience.sp::OnClientAuthorized
L 05/20/2025 - 19:40:43: [SM] Exception reported: Client index 5 is invalid
L 05/20/2025 - 19:40:43: [SM] Blaming: mt_experience.smx
L 05/20/2025 - 19:40:43: [SM] Call stack trace:
L 05/20/2025 - 19:40:43: [SM]   [0] SteamWorks_RequestStats
L 05/20/2025 - 19:40:43: [SM]   [1] Line 153, .\mt_experience.sp::OnClientAuthorized
L 05/20/2025 - 19:45:47: Error log file session closed.
L 05/20/2025 - 19:45:48: SourceMod error session started
L 05/20/2025 - 19:45:48: Info (map "c5m1_waterfront") (file "/root/Steam/steamapps/common/l4d2/left4dead2/addons/sourcemod/logs/errors_20250520.log")
L 05/20/2025 - 19:45:48: [SM] Exception reported: Client index 1 is invalid
L 05/20/2025 - 19:45:48: [SM] Blaming: mt_experience.smx
L 05/20/2025 - 19:45:48: [SM] Call stack trace:
L 05/20/2025 - 19:45:48: [SM]   [0] SteamWorks_RequestStats
L 05/20/2025 - 19:45:48: [SM]   [1] Line 153, .\mt_experience.sp::OnClientAuthorized
L 05/20/2025 - 19:45:49: [SM] Exception reported: Client index 5 is invalid
L 05/20/2025 - 19:45:49: [SM] Blaming: mt_experience.smx
L 05/20/2025 - 19:45:49: [SM] Call stack trace:
L 05/20/2025 - 19:45:49: [SM]   [0] SteamWorks_RequestStats
L 05/20/2025 - 19:45:49: [SM]   [1] Line 153, .\mt_experience.sp::OnClientAuthorized
L 05/20/2025 - 19:47:57: SourceMod error session started
L 05/20/2025 - 19:47:57: Info (map "c2m1_highway") (file "/root/Steam/steamapps/common/l4d2/left4dead2/addons/sourcemod/logs/errors_20250520.log")
L 05/20/2025 - 19:47:57: [SM] Unable to load plugin "xr/l4d2_quick_leave_ban.smx": Could not find required plugin "readyup"
L 05/20/2025 - 19:47:57: [SM] Unable to load plugin "xr/l4d2_hybrid_scoremod_zone.smx": Could not find required plugin "l4d2lib"
L 05/20/2025 - 19:47:57: [SM] Unable to load plugin "xr/l4d2_scripted_hud.smx": Native "SMPlus_GetMedkitBonus" was not found
L 05/20/2025 - 19:47:59: [UPDATER] --- BEGIN ERRORS FROM AUTOMATIC UPDATER ---
L 05/20/2025 - 19:47:59: [UPDATER] Could not download "http://update.sourcemod.net/update/"
L 05/20/2025 - 19:47:59: [UPDATER] Error: The requested URL returned error: 502
L 05/20/2025 - 19:47:59: [UPDATER] --- END ERRORS FROM AUTOMATIC UPDATER ---
L 05/20/2025 - 19:48:03: Error log file session closed.
L 05/20/2025 - 20:37:31: SourceMod error session started
L 05/20/2025 - 20:37:31: Info (map "c1m1_hotel") (file "/root/Steam/steamapps/common/l4d2/left4dead2/addons/sourcemod/logs/errors_20250520.log")
L 05/20/2025 - 20:37:31: [SM] Exception reported: Client index 1 is invalid
L 05/20/2025 - 20:37:31: [SM] Blaming: mt_experience.smx
L 05/20/2025 - 20:37:31: [SM] Call stack trace:
L 05/20/2025 - 20:37:31: [SM]   [0] SteamWorks_RequestStats
L 05/20/2025 - 20:37:31: [SM]   [1] Line 153, .\mt_experience.sp::OnClientAuthorized
L 05/20/2025 - 20:38:34: [SM] Exception reported: Client index 6 is invalid
L 05/20/2025 - 20:38:34: [SM] Blaming: mt_experience.smx
L 05/20/2025 - 20:38:34: [SM] Call stack trace:
L 05/20/2025 - 20:38:34: [SM]   [0] SteamWorks_RequestStats
L 05/20/2025 - 20:38:34: [SM]   [1] Line 153, .\mt_experience.sp::OnClientAuthorized
L 05/20/2025 - 20:40:04: [SM] Exception reported: Client index 6 is invalid
L 05/20/2025 - 20:40:04: [SM] Blaming: mt_experience.smx
L 05/20/2025 - 20:40:04: [SM] Call stack trace:
L 05/20/2025 - 20:40:04: [SM]   [0] SteamWorks_RequestStats
L 05/20/2025 - 20:40:04: [SM]   [1] Line 153, .\mt_experience.sp::OnClientAuthorized
L 05/20/2025 - 20:40:50: [SM] Exception reported: Client index 7 is invalid
L 05/20/2025 - 20:40:50: [SM] Blaming: mt_experience.smx
L 05/20/2025 - 20:40:50: [SM] Call stack trace:
L 05/20/2025 - 20:40:50: [SM]   [0] SteamWorks_RequestStats
L 05/20/2025 - 20:40:50: [SM]   [1] Line 153, .\mt_experience.sp::OnClientAuthorized
L 05/20/2025 - 20:40:52: [SM] Exception reported: Client index 8 is invalid
L 05/20/2025 - 20:40:52: [SM] Blaming: mt_experience.smx
L 05/20/2025 - 20:40:52: [SM] Call stack trace:
L 05/20/2025 - 20:40:52: [SM]   [0] SteamWorks_RequestStats
L 05/20/2025 - 20:40:52: [SM]   [1] Line 153, .\mt_experience.sp::OnClientAuthorized
L 05/20/2025 - 20:41:29: [SM] Exception reported: Client index 3 is invalid
L 05/20/2025 - 20:41:29: [SM] Blaming: mt_experience.smx
L 05/20/2025 - 20:41:29: [SM] Call stack trace:
L 05/20/2025 - 20:41:29: [SM]   [0] SteamWorks_RequestStats
L 05/20/2025 - 20:41:29: [SM]   [1] Line 153, .\mt_experience.sp::OnClientAuthorized
L 05/20/2025 - 20:42:36: [SM] Exception reported: Client index 3 is invalid
L 05/20/2025 - 20:42:36: [SM] Blaming: mt_experience.smx
L 05/20/2025 - 20:42:36: [SM] Call stack trace:
L 05/20/2025 - 20:42:36: [SM]   [0] SteamWorks_RequestStats
L 05/20/2025 - 20:42:36: [SM]   [1] Line 153, .\mt_experience.sp::OnClientAuthorized
L 05/20/2025 - 20:43:34: [SM] Exception reported: Client index 5 is invalid
L 05/20/2025 - 20:43:34: [SM] Blaming: mt_experience.smx
L 05/20/2025 - 20:43:34: [SM] Call stack trace:
L 05/20/2025 - 20:43:34: [SM]   [0] SteamWorks_RequestStats
L 05/20/2025 - 20:43:34: [SM]   [1] Line 153, .\mt_experience.sp::OnClientAuthorized
L 05/20/2025 - 20:44:25: [SM] Exception reported: Client index 2 is invalid
L 05/20/2025 - 20:44:25: [SM] Blaming: mt_experience.smx
L 05/20/2025 - 20:44:25: [SM] Call stack trace:
L 05/20/2025 - 20:44:25: [SM]   [0] SteamWorks_RequestStats
L 05/20/2025 - 20:44:25: [SM]   [1] Line 153, .\mt_experience.sp::OnClientAuthorized
L 05/20/2025 - 20:44:45: [SM] Exception reported: Client index 7 is invalid
L 05/20/2025 - 20:44:45: [SM] Blaming: mt_experience.smx
L 05/20/2025 - 20:44:45: [SM] Call stack trace:
L 05/20/2025 - 20:44:45: [SM]   [0] SteamWorks_RequestStats
L 05/20/2025 - 20:44:45: [SM]   [1] Line 153, .\mt_experience.sp::OnClientAuthorized
L 05/20/2025 - 20:45:09: [SM] Exception reported: Client index 3 is invalid
L 05/20/2025 - 20:45:09: [SM] Blaming: mt_experience.smx
L 05/20/2025 - 20:45:09: [SM] Call stack trace:
L 05/20/2025 - 20:45:09: [SM]   [0] SteamWorks_RequestStats
L 05/20/2025 - 20:45:09: [SM]   [1] Line 153, .\mt_experience.sp::OnClientAuthorized
L 05/20/2025 - 20:45:40: [SM] Exception reported: Client index 3 is invalid
L 05/20/2025 - 20:45:40: [SM] Blaming: mt_experience.smx
L 05/20/2025 - 20:45:40: [SM] Call stack trace:
L 05/20/2025 - 20:45:40: [SM]   [0] SteamWorks_RequestStats
L 05/20/2025 - 20:45:40: [SM]   [1] Line 153, .\mt_experience.sp::OnClientAuthorized
L 05/20/2025 - 20:45:55: [SM] Exception reported: Client index 4 is invalid
L 05/20/2025 - 20:45:55: [SM] Blaming: mt_experience.smx
L 05/20/2025 - 20:45:55: [SM] Call stack trace:
L 05/20/2025 - 20:45:55: [SM]   [0] SteamWorks_RequestStats
L 05/20/2025 - 20:45:55: [SM]   [1] Line 153, .\mt_experience.sp::OnClientAuthorized
L 05/20/2025 - 20:46:42: [SM] Exception reported: Client index 4 is invalid
L 05/20/2025 - 20:46:42: [SM] Blaming: mt_experience.smx
L 05/20/2025 - 20:46:42: [SM] Call stack trace:
L 05/20/2025 - 20:46:42: [SM]   [0] SteamWorks_RequestStats
L 05/20/2025 - 20:46:42: [SM]   [1] Line 153, .\mt_experience.sp::OnClientAuthorized
L 05/20/2025 - 20:47:24: [SM] Exception reported: Client index 3 is invalid
L 05/20/2025 - 20:47:24: [SM] Blaming: mt_experience.smx
L 05/20/2025 - 20:47:24: [SM] Call stack trace:
L 05/20/2025 - 20:47:24: [SM]   [0] SteamWorks_RequestStats
L 05/20/2025 - 20:47:24: [SM]   [1] Line 153, .\mt_experience.sp::OnClientAuthorized
L 05/20/2025 - 20:48:14: [SM] Exception reported: Client index 2 is invalid
L 05/20/2025 - 20:48:14: [SM] Blaming: mt_experience.smx
L 05/20/2025 - 20:48:14: [SM] Call stack trace:
L 05/20/2025 - 20:48:14: [SM]   [0] SteamWorks_RequestStats
L 05/20/2025 - 20:48:14: [SM]   [1] Line 153, .\mt_experience.sp::OnClientAuthorized
L 05/20/2025 - 20:48:20: [SM] Exception reported: Client index 4 is invalid
L 05/20/2025 - 20:48:20: [SM] Blaming: mt_experience.smx
L 05/20/2025 - 20:48:20: [SM] Call stack trace:
L 05/20/2025 - 20:48:20: [SM]   [0] SteamWorks_RequestStats
L 05/20/2025 - 20:48:20: [SM]   [1] Line 153, .\mt_experience.sp::OnClientAuthorized
L 05/20/2025 - 20:48:34: [SM] Exception reported: Client index 5 is invalid
L 05/20/2025 - 20:48:34: [SM] Blaming: mt_experience.smx
L 05/20/2025 - 20:48:34: [SM] Call stack trace:
L 05/20/2025 - 20:48:34: [SM]   [0] SteamWorks_RequestStats
L 05/20/2025 - 20:48:34: [SM]   [1] Line 153, .\mt_experience.sp::OnClientAuthorized
L 05/20/2025 - 20:48:37: [SM] Exception reported: Client index 4 is invalid
L 05/20/2025 - 20:48:37: [SM] Blaming: mt_experience.smx
L 05/20/2025 - 20:48:37: [SM] Call stack trace:
L 05/20/2025 - 20:48:37: [SM]   [0] SteamWorks_RequestStats
L 05/20/2025 - 20:48:37: [SM]   [1] Line 153, .\mt_experience.sp::OnClientAuthorized
L 05/20/2025 - 20:51:11: [SM] Exception reported: Client index 3 is invalid
L 05/20/2025 - 20:51:11: [SM] Blaming: mt_experience.smx
L 05/20/2025 - 20:51:11: [SM] Call stack trace:
L 05/20/2025 - 20:51:11: [SM]   [0] SteamWorks_RequestStats
L 05/20/2025 - 20:51:11: [SM]   [1] Line 153, .\mt_experience.sp::OnClientAuthorized
L 05/20/2025 - 20:52:41: [SM] Exception reported: Client index 3 is invalid
L 05/20/2025 - 20:52:41: [SM] Blaming: mt_experience.smx
L 05/20/2025 - 20:52:41: [SM] Call stack trace:
L 05/20/2025 - 20:52:41: [SM]   [0] SteamWorks_RequestStats
L 05/20/2025 - 20:52:41: [SM]   [1] Line 153, .\mt_experience.sp::OnClientAuthorized
L 05/20/2025 - 20:52:45: Error log file session closed.
L 05/20/2025 - 20:52:46: SourceMod error session started
L 05/20/2025 - 20:52:46: Info (map "c2m1_highway") (file "/root/Steam/steamapps/common/l4d2/left4dead2/addons/sourcemod/logs/errors_20250520.log")
L 05/20/2025 - 20:52:46: [SM] Exception reported: Client index 1 is invalid
L 05/20/2025 - 20:52:46: [SM] Blaming: mt_experience.smx
L 05/20/2025 - 20:52:46: [SM] Call stack trace:
L 05/20/2025 - 20:52:46: [SM]   [0] SteamWorks_RequestStats
L 05/20/2025 - 20:52:46: [SM]   [1] Line 153, .\mt_experience.sp::OnClientAuthorized
L 05/20/2025 - 20:52:47: [SM] Exception reported: Client index 3 is invalid
L 05/20/2025 - 20:52:47: [SM] Blaming: mt_experience.smx
L 05/20/2025 - 20:52:47: [SM] Call stack trace:
L 05/20/2025 - 20:52:47: [SM]   [0] SteamWorks_RequestStats
L 05/20/2025 - 20:52:47: [SM]   [1] Line 153, .\mt_experience.sp::OnClientAuthorized
L 05/20/2025 - 20:53:04: [SM] Exception reported: Client index 6 is invalid
L 05/20/2025 - 20:53:04: [SM] Blaming: mt_experience.smx
L 05/20/2025 - 20:53:04: [SM] Call stack trace:
L 05/20/2025 - 20:53:04: [SM]   [0] SteamWorks_RequestStats
L 05/20/2025 - 20:53:04: [SM]   [1] Line 153, .\mt_experience.sp::OnClientAuthorized
L 05/20/2025 - 20:54:07: [SM] Exception reported: Client index 2 is invalid
L 05/20/2025 - 20:54:07: [SM] Blaming: mt_experience.smx
L 05/20/2025 - 20:54:07: [SM] Call stack trace:
L 05/20/2025 - 20:54:07: [SM]   [0] SteamWorks_RequestStats
L 05/20/2025 - 20:54:07: [SM]   [1] Line 153, .\mt_experience.sp::OnClientAuthorized
L 05/20/2025 - 20:54:23: [SM] Exception reported: Client index 3 is invalid
L 05/20/2025 - 20:54:23: [SM] Blaming: mt_experience.smx
L 05/20/2025 - 20:54:23: [SM] Call stack trace:
L 05/20/2025 - 20:54:23: [SM]   [0] SteamWorks_RequestStats
L 05/20/2025 - 20:54:23: [SM]   [1] Line 153, .\mt_experience.sp::OnClientAuthorized
L 05/20/2025 - 20:58:01: SourceMod error session started
L 05/20/2025 - 20:58:01: Info (map "c2m1_highway") (file "/root/Steam/steamapps/common/l4d2/left4dead2/addons/sourcemod/logs/errors_20250520.log")
L 05/20/2025 - 20:58:01: [SM] Unable to load plugin "xr/l4d2_quick_leave_ban.smx": Could not find required plugin "readyup"
L 05/20/2025 - 20:58:01: [SM] Unable to load plugin "xr/l4d2_hybrid_scoremod_zone.smx": Could not find required plugin "l4d2lib"
L 05/20/2025 - 20:58:01: [SM] Unable to load plugin "xr/l4d2_scripted_hud.smx": Native "SMPlus_GetMedkitBonus" was not found
L 05/20/2025 - 20:58:03: [UPDATER] --- BEGIN ERRORS FROM AUTOMATIC UPDATER ---
L 05/20/2025 - 20:58:03: [UPDATER] Could not download "http://update.sourcemod.net/update/"
L 05/20/2025 - 20:58:03: [UPDATER] Error: The requested URL returned error: 502
L 05/20/2025 - 20:58:03: [UPDATER] --- END ERRORS FROM AUTOMATIC UPDATER ---
L 05/20/2025 - 20:58:07: Error log file session closed.
