L 05/19/2025 - 19:31:21: SourceMod error session started
L 05/19/2025 - 19:31:21: Info (map "c2m1_highway") (file "/root/Steam/steamapps/common/l4d2/left4dead2/addons/sourcemod/logs/errors_20250519.log")
L 05/19/2025 - 19:31:21: [SM] Unable to load plugin "xr/l4d2_quick_leave_ban.smx": Could not find required plugin "readyup"
L 05/19/2025 - 19:31:21: [SM] Unable to load plugin "xr/l4d2_hybrid_scoremod_zone.smx": Could not find required plugin "l4d2lib"
L 05/19/2025 - 19:31:21: [SM] Unable to load plugin "xr/l4d2_scripted_hud.smx": Native "SMPlus_GetMedkitBonus" was not found
L 05/19/2025 - 19:31:28: Error log file session closed.
L 05/19/2025 - 20:03:41: SourceMod error session started
L 05/19/2025 - 20:03:41: Info (map "c2m1_highway") (file "/root/Steam/steamapps/common/l4d2/left4dead2/addons/sourcemod/logs/errors_20250519.log")
L 05/19/2025 - 20:03:41: [SM] Exception reported: Client index 1 is invalid
L 05/19/2025 - 20:03:41: [SM] Blaming: mt_experience.smx
L 05/19/2025 - 20:03:41: [SM] Call stack trace:
L 05/19/2025 - 20:03:41: [SM]   [0] SteamWorks_RequestStats
L 05/19/2025 - 20:03:41: [SM]   [1] Line 153, .\mt_experience.sp::OnClientAuthorized
L 05/19/2025 - 20:05:20: SourceMod error session started
L 05/19/2025 - 20:05:20: Info (map "c2m1_highway") (file "/root/Steam/steamapps/common/l4d2/left4dead2/addons/sourcemod/logs/errors_20250519.log")
L 05/19/2025 - 20:05:20: [SM] Unable to load plugin "xr/l4d2_quick_leave_ban.smx": Could not find required plugin "readyup"
L 05/19/2025 - 20:05:20: [SM] Unable to load plugin "xr/l4d2_hybrid_scoremod_zone.smx": Could not find required plugin "l4d2lib"
L 05/19/2025 - 20:05:20: [SM] Unable to load plugin "xr/l4d2_scripted_hud.smx": Native "SMPlus_GetMedkitBonus" was not found
L 05/19/2025 - 20:05:27: Error log file session closed.
L 05/19/2025 - 21:12:33: SourceMod error session started
L 05/19/2025 - 21:12:33: Info (map "c2m1_highway") (file "/root/Steam/steamapps/common/l4d2/left4dead2/addons/sourcemod/logs/errors_20250519.log")
L 05/19/2025 - 21:12:33: [SM] Exception reported: Client index 1 is invalid
L 05/19/2025 - 21:12:33: [SM] Blaming: mt_experience.smx
L 05/19/2025 - 21:12:33: [SM] Call stack trace:
L 05/19/2025 - 21:12:33: [SM]   [0] SteamWorks_RequestStats
L 05/19/2025 - 21:12:33: [SM]   [1] Line 153, .\mt_experience.sp::OnClientAuthorized
L 05/19/2025 - 21:13:55: SourceMod error session started
L 05/19/2025 - 21:13:55: Info (map "c2m1_highway") (file "/root/Steam/steamapps/common/l4d2/left4dead2/addons/sourcemod/logs/errors_20250519.log")
L 05/19/2025 - 21:13:55: [SM] Unable to load plugin "xr/l4d2_quick_leave_ban.smx": Could not find required plugin "readyup"
L 05/19/2025 - 21:13:55: [SM] Unable to load plugin "xr/l4d2_hybrid_scoremod_zone.smx": Could not find required plugin "l4d2lib"
L 05/19/2025 - 21:13:55: [SM] Unable to load plugin "xr/l4d2_scripted_hud.smx": Native "SMPlus_GetMedkitBonus" was not found
L 05/19/2025 - 21:13:57: [UPDATER] --- BEGIN ERRORS FROM AUTOMATIC UPDATER ---
L 05/19/2025 - 21:13:57: [UPDATER] Could not download "http://update.sourcemod.net/update/"
L 05/19/2025 - 21:13:57: [UPDATER] Error: The requested URL returned error: 502
L 05/19/2025 - 21:13:57: [UPDATER] --- END ERRORS FROM AUTOMATIC UPDATER ---
L 05/19/2025 - 21:14:02: Error log file session closed.
